[ 2016-11-30T23:40:52+08:00 ] ::1 /index.php/Index/index/p/1.html
INFO: [ app_init ] --START--
INFO: Run Behavior\BuildLiteBehavior [ RunTime:0.000034s ]
INFO: [ app_init ] --END-- [ RunTime:0.000531s ]
INFO: [ app_begin ] --START--
INFO: Run Behavior\ReadHtmlCacheBehavior [ RunTime:0.000794s ]
INFO: [ app_begin ] --END-- [ RunTime:0.000966s ]
SQL: SHOW COLUMNS FROM `jiazhenggongsi` [ RunTime:0.0005s ]
SQL: SELECT * FROM `jiazhenggongsi` ORDER BY id LIMIT 0,25   [ RunTime:0.0003s ]
SQL: SHOW COLUMNS FROM `zhaogong` [ RunTime:0.0004s ]
SQL: SELECT COUNT(*) AS tp_count FROM `zhaogong` WHERE `type` = 1 LIMIT 1   [ RunTime:0.0002s ]
SQL: SELECT * FROM `zhaogong` WHERE `type` = 1 ORDER BY createtime LIMIT 0,1   [ RunTime:0.0004s ]
NOTIC: [8] Undefined variable: title C:\wamp64\www\jzw\Home\Controller\IndexController.class.php 第 30 行.
INFO: [ view_parse ] --START--
INFO: [ template_filter ] --START--
INFO: Run Behavior\ContentReplaceBehavior [ RunTime:0.000112s ]
INFO: [ template_filter ] --END-- [ RunTime:0.000287s ]
INFO: Run Behavior\ParseTemplateBehavior [ RunTime:0.018876s ]
INFO: [ view_parse ] --END-- [ RunTime:0.019045s ]
INFO: [ view_filter ] --START--
INFO: Run Behavior\WriteHtmlCacheBehavior [ RunTime:0.000605s ]
INFO: [ view_filter ] --END-- [ RunTime:0.000758s ]
INFO: [ app_end ] --START--
INFO: Run Behavior\ShowPageTraceBehavior [ RunTime:0.000829s ]
INFO: [ app_end ] --END-- [ RunTime:0.000991s ]

[ 2016-11-30T23:42:01+08:00 ] ::1 /index.php/Index/index/p/1.html
INFO: [ app_init ] --START--
INFO: Run Behavior\BuildLiteBehavior [ RunTime:0.000034s ]
INFO: [ app_init ] --END-- [ RunTime:0.000512s ]
INFO: [ app_begin ] --START--
INFO: Run Behavior\ReadHtmlCacheBehavior [ RunTime:0.000671s ]
INFO: [ app_begin ] --END-- [ RunTime:0.000841s ]
SQL: SHOW COLUMNS FROM `jiazhenggongsi` [ RunTime:0.0006s ]
SQL: SELECT * FROM `jiazhenggongsi` ORDER BY id LIMIT 0,25   [ RunTime:0.0003s ]
SQL: SHOW COLUMNS FROM `zhaogong` [ RunTime:0.0005s ]
SQL: SELECT COUNT(*) AS tp_count FROM `zhaogong` WHERE `type` = 1 LIMIT 1   [ RunTime:0.0003s ]
SQL: SELECT * FROM `zhaogong` WHERE `type` = 1 ORDER BY createtime LIMIT 0,1   [ RunTime:0.0003s ]
NOTIC: [8] Undefined variable: title C:\wamp64\www\jzw\Home\Controller\IndexController.class.php 第 25 行.
INFO: [ view_parse ] --START--
INFO: [ template_filter ] --START--
INFO: Run Behavior\ContentReplaceBehavior [ RunTime:0.000128s ]
INFO: [ template_filter ] --END-- [ RunTime:0.000300s ]
INFO: Run Behavior\ParseTemplateBehavior [ RunTime:0.017752s ]
INFO: [ view_parse ] --END-- [ RunTime:0.017930s ]
INFO: [ view_filter ] --START--
INFO: Run Behavior\WriteHtmlCacheBehavior [ RunTime:0.000422s ]
INFO: [ view_filter ] --END-- [ RunTime:0.000575s ]
INFO: [ app_end ] --START--
INFO: Run Behavior\ShowPageTraceBehavior [ RunTime:0.000642s ]
INFO: [ app_end ] --END-- [ RunTime:0.000796s ]

[ 2016-11-30T23:42:02+08:00 ] ::1 /index.php/Index/index/p/1.html
INFO: [ app_init ] --START--
INFO: Run Behavior\BuildLiteBehavior [ RunTime:0.000036s ]
INFO: [ app_init ] --END-- [ RunTime:0.000527s ]
INFO: [ app_begin ] --START--
INFO: Run Behavior\ReadHtmlCacheBehavior [ RunTime:0.000798s ]
INFO: [ app_begin ] --END-- [ RunTime:0.000957s ]
SQL: SHOW COLUMNS FROM `jiazhenggongsi` [ RunTime:0.0006s ]
SQL: SELECT * FROM `jiazhenggongsi` ORDER BY id LIMIT 0,25   [ RunTime:0.0003s ]
SQL: SHOW COLUMNS FROM `zhaogong` [ RunTime:0.0005s ]
SQL: SELECT COUNT(*) AS tp_count FROM `zhaogong` WHERE `type` = 1 LIMIT 1   [ RunTime:0.0002s ]
SQL: SELECT * FROM `zhaogong` WHERE `type` = 1 ORDER BY createtime LIMIT 0,1   [ RunTime:0.0003s ]
NOTIC: [8] Undefined variable: title C:\wamp64\www\jzw\Home\Controller\IndexController.class.php 第 25 行.
INFO: [ view_parse ] --START--
INFO: [ template_filter ] --START--
INFO: Run Behavior\ContentReplaceBehavior [ RunTime:0.000105s ]
INFO: [ template_filter ] --END-- [ RunTime:0.000271s ]
INFO: Run Behavior\ParseTemplateBehavior [ RunTime:0.018306s ]
INFO: [ view_parse ] --END-- [ RunTime:0.018501s ]
INFO: [ view_filter ] --START--
INFO: Run Behavior\WriteHtmlCacheBehavior [ RunTime:0.000672s ]
INFO: [ view_filter ] --END-- [ RunTime:0.000830s ]
INFO: [ app_end ] --START--
INFO: Run Behavior\ShowPageTraceBehavior [ RunTime:0.000801s ]
INFO: [ app_end ] --END-- [ RunTime:0.000965s ]

[ 2016-11-30T23:42:02+08:00 ] ::1 /index.php/Index/index/p/2.html
INFO: [ app_init ] --START--
INFO: Run Behavior\BuildLiteBehavior [ RunTime:0.000032s ]
INFO: [ app_init ] --END-- [ RunTime:0.000480s ]
INFO: [ app_begin ] --START--
INFO: Run Behavior\ReadHtmlCacheBehavior [ RunTime:0.000531s ]
INFO: [ app_begin ] --END-- [ RunTime:0.000695s ]
SQL: SHOW COLUMNS FROM `jiazhenggongsi` [ RunTime:0.0006s ]
SQL: SELECT * FROM `jiazhenggongsi` ORDER BY id LIMIT 25,25   [ RunTime:0.0003s ]
SQL: SHOW COLUMNS FROM `zhaogong` [ RunTime:0.0005s ]
SQL: SELECT COUNT(*) AS tp_count FROM `zhaogong` WHERE `type` = 1 LIMIT 1   [ RunTime:0.0002s ]
SQL: SELECT * FROM `zhaogong` WHERE `type` = 1 ORDER BY createtime LIMIT 1,1   [ RunTime:0.0003s ]
NOTIC: [8] Undefined variable: title C:\wamp64\www\jzw\Home\Controller\IndexController.class.php 第 25 行.
INFO: [ view_parse ] --START--
INFO: [ template_filter ] --START--
INFO: Run Behavior\ContentReplaceBehavior [ RunTime:0.000105s ]
INFO: [ template_filter ] --END-- [ RunTime:0.000266s ]
INFO: Run Behavior\ParseTemplateBehavior [ RunTime:0.016105s ]
INFO: [ view_parse ] --END-- [ RunTime:0.016275s ]
INFO: [ view_filter ] --START--
INFO: Run Behavior\WriteHtmlCacheBehavior [ RunTime:0.000331s ]
INFO: [ view_filter ] --END-- [ RunTime:0.000481s ]
INFO: [ app_end ] --START--
INFO: Run Behavior\ShowPageTraceBehavior [ RunTime:0.000540s ]
INFO: [ app_end ] --END-- [ RunTime:0.000693s ]

[ 2016-11-30T23:42:03+08:00 ] ::1 /index.php/Index/index/p/1.html
INFO: [ app_init ] --START--
INFO: Run Behavior\BuildLiteBehavior [ RunTime:0.000032s ]
INFO: [ app_init ] --END-- [ RunTime:0.000479s ]
INFO: [ app_begin ] --START--
INFO: Run Behavior\ReadHtmlCacheBehavior [ RunTime:0.000520s ]
INFO: [ app_begin ] --END-- [ RunTime:0.000700s ]
SQL: SHOW COLUMNS FROM `jiazhenggongsi` [ RunTime:0.0005s ]
SQL: SELECT * FROM `jiazhenggongsi` ORDER BY id LIMIT 0,25   [ RunTime:0.0003s ]
SQL: SHOW COLUMNS FROM `zhaogong` [ RunTime:0.0005s ]
SQL: SELECT COUNT(*) AS tp_count FROM `zhaogong` WHERE `type` = 1 LIMIT 1   [ RunTime:0.0003s ]
SQL: SELECT * FROM `zhaogong` WHERE `type` = 1 ORDER BY createtime LIMIT 0,1   [ RunTime:0.0003s ]
NOTIC: [8] Undefined variable: title C:\wamp64\www\jzw\Home\Controller\IndexController.class.php 第 25 行.
INFO: [ view_parse ] --START--
INFO: [ template_filter ] --START--
INFO: Run Behavior\ContentReplaceBehavior [ RunTime:0.000107s ]
INFO: [ template_filter ] --END-- [ RunTime:0.000274s ]
INFO: Run Behavior\ParseTemplateBehavior [ RunTime:0.016182s ]
INFO: [ view_parse ] --END-- [ RunTime:0.016343s ]
INFO: [ view_filter ] --START--
INFO: Run Behavior\WriteHtmlCacheBehavior [ RunTime:0.000378s ]
INFO: [ view_filter ] --END-- [ RunTime:0.000529s ]
INFO: [ app_end ] --START--
INFO: Run Behavior\ShowPageTraceBehavior [ RunTime:0.000554s ]
INFO: [ app_end ] --END-- [ RunTime:0.000707s ]

[ 2016-11-30T23:42:16+08:00 ] ::1 /index.php/Index/index/p/1.html
INFO: [ app_init ] --START--
INFO: Run Behavior\BuildLiteBehavior [ RunTime:0.000033s ]
INFO: [ app_init ] --END-- [ RunTime:0.000531s ]
INFO: [ app_begin ] --START--
INFO: Run Behavior\ReadHtmlCacheBehavior [ RunTime:0.000525s ]
INFO: [ app_begin ] --END-- [ RunTime:0.000691s ]
SQL: SHOW COLUMNS FROM `jiazhenggongsi` [ RunTime:0.0006s ]
SQL: SELECT * FROM `jiazhenggongsi` ORDER BY id LIMIT 0,25   [ RunTime:0.0003s ]
SQL: SHOW COLUMNS FROM `zhaogong` [ RunTime:0.0006s ]
SQL: SELECT COUNT(*) AS tp_count FROM `zhaogong` WHERE `type` = 1 LIMIT 1   [ RunTime:0.0003s ]
SQL: SELECT * FROM `zhaogong` WHERE `type` = 1 ORDER BY createtime LIMIT 0,1   [ RunTime:0.0003s ]
NOTIC: [8] Undefined variable: title C:\wamp64\www\jzw\Home\Controller\IndexController.class.php 第 28 行.
INFO: [ view_parse ] --START--
INFO: [ template_filter ] --START--
INFO: Run Behavior\ContentReplaceBehavior [ RunTime:0.000109s ]
INFO: [ template_filter ] --END-- [ RunTime:0.000276s ]
INFO: Run Behavior\ParseTemplateBehavior [ RunTime:0.016120s ]
INFO: [ view_parse ] --END-- [ RunTime:0.016286s ]
INFO: [ view_filter ] --START--
INFO: Run Behavior\WriteHtmlCacheBehavior [ RunTime:0.000321s ]
INFO: [ view_filter ] --END-- [ RunTime:0.000470s ]
INFO: [ app_end ] --START--
INFO: Run Behavior\ShowPageTraceBehavior [ RunTime:0.000550s ]
INFO: [ app_end ] --END-- [ RunTime:0.000702s ]

[ 2016-11-30T23:42:17+08:00 ] ::1 /index.php/Index/index/p/1.html
INFO: [ app_init ] --START--
INFO: Run Behavior\BuildLiteBehavior [ RunTime:0.000034s ]
INFO: [ app_init ] --END-- [ RunTime:0.000575s ]
INFO: [ app_begin ] --START--
INFO: Run Behavior\ReadHtmlCacheBehavior [ RunTime:0.000790s ]
INFO: [ app_begin ] --END-- [ RunTime:0.000950s ]
SQL: SHOW COLUMNS FROM `jiazhenggongsi` [ RunTime:0.0006s ]
SQL: SELECT * FROM `jiazhenggongsi` ORDER BY id LIMIT 0,25   [ RunTime:0.0003s ]
SQL: SHOW COLUMNS FROM `zhaogong` [ RunTime:0.0005s ]
SQL: SELECT COUNT(*) AS tp_count FROM `zhaogong` WHERE `type` = 1 LIMIT 1   [ RunTime:0.0002s ]
SQL: SELECT * FROM `zhaogong` WHERE `type` = 1 ORDER BY createtime LIMIT 0,1   [ RunTime:0.0003s ]
NOTIC: [8] Undefined variable: title C:\wamp64\www\jzw\Home\Controller\IndexController.class.php 第 28 行.
INFO: [ view_parse ] --START--
INFO: [ template_filter ] --START--
INFO: Run Behavior\ContentReplaceBehavior [ RunTime:0.000113s ]
INFO: [ template_filter ] --END-- [ RunTime:0.000276s ]
INFO: Run Behavior\ParseTemplateBehavior [ RunTime:0.018146s ]
INFO: [ view_parse ] --END-- [ RunTime:0.018336s ]
INFO: [ view_filter ] --START--
INFO: Run Behavior\WriteHtmlCacheBehavior [ RunTime:0.000587s ]
INFO: [ view_filter ] --END-- [ RunTime:0.000735s ]
INFO: [ app_end ] --START--
INFO: Run Behavior\ShowPageTraceBehavior [ RunTime:0.000793s ]
INFO: [ app_end ] --END-- [ RunTime:0.000967s ]

[ 2016-11-30T23:42:49+08:00 ] ::1 /index.php/Index/index/p/1.html
INFO: [ app_init ] --START--
INFO: Run Behavior\BuildLiteBehavior [ RunTime:0.000033s ]
INFO: [ app_init ] --END-- [ RunTime:0.000487s ]
INFO: [ app_begin ] --START--
INFO: Run Behavior\ReadHtmlCacheBehavior [ RunTime:0.000566s ]
INFO: [ app_begin ] --END-- [ RunTime:0.000731s ]
SQL: SHOW COLUMNS FROM `jiazhenggongsi` [ RunTime:0.0006s ]
SQL: SELECT * FROM `jiazhenggongsi` ORDER BY id LIMIT 0,25   [ RunTime:0.0003s ]
SQL: SHOW COLUMNS FROM `zhaogong` [ RunTime:0.0006s ]
SQL: SELECT COUNT(*) AS tp_count FROM `zhaogong` WHERE `type` = 1 LIMIT 1   [ RunTime:0.0003s ]
SQL: SELECT * FROM `zhaogong` WHERE `type` = 1 ORDER BY createtime LIMIT 0,1   [ RunTime:0.0004s ]
INFO: [ view_parse ] --START--
INFO: [ template_filter ] --START--
INFO: Run Behavior\ContentReplaceBehavior [ RunTime:0.000113s ]
INFO: [ template_filter ] --END-- [ RunTime:0.000299s ]
NOTIC: [8] Undefined index: title C:\wamp64\www\jzw\Runtime\Cache\Home\64f21543acd4a4c3a729944672a22ccf.php 第 62 行.
INFO: Run Behavior\ParseTemplateBehavior [ RunTime:0.017669s ]
INFO: [ view_parse ] --END-- [ RunTime:0.017832s ]
INFO: [ view_filter ] --START--
INFO: Run Behavior\WriteHtmlCacheBehavior [ RunTime:0.000334s ]
INFO: [ view_filter ] --END-- [ RunTime:0.000484s ]
INFO: [ app_end ] --START--
INFO: Run Behavior\ShowPageTraceBehavior [ RunTime:0.000545s ]
INFO: [ app_end ] --END-- [ RunTime:0.000702s ]

[ 2016-11-30T23:43:07+08:00 ] ::1 /index.php/Index/index/p/1.html
INFO: [ app_init ] --START--
INFO: Run Behavior\BuildLiteBehavior [ RunTime:0.000034s ]
INFO: [ app_init ] --END-- [ RunTime:0.000534s ]
INFO: [ app_begin ] --START--
INFO: Run Behavior\ReadHtmlCacheBehavior [ RunTime:0.000782s ]
INFO: [ app_begin ] --END-- [ RunTime:0.000943s ]
SQL: SHOW COLUMNS FROM `jiazhenggongsi` [ RunTime:0.0006s ]
SQL: SELECT * FROM `jiazhenggongsi` ORDER BY id LIMIT 0,25   [ RunTime:0.0003s ]
SQL: SHOW COLUMNS FROM `zhaogong` [ RunTime:0.0005s ]
SQL: SELECT COUNT(*) AS tp_count FROM `zhaogong` WHERE `type` = 1 LIMIT 1   [ RunTime:0.0003s ]
SQL: SELECT * FROM `zhaogong` WHERE `type` = 1 ORDER BY createtime LIMIT 0,1   [ RunTime:0.0003s ]
INFO: [ view_parse ] --START--
INFO: [ template_filter ] --START--
INFO: Run Behavior\ContentReplaceBehavior [ RunTime:0.000103s ]
INFO: [ template_filter ] --END-- [ RunTime:0.000253s ]
NOTIC: [8] Undefined index: title C:\wamp64\www\jzw\Runtime\Cache\Home\64f21543acd4a4c3a729944672a22ccf.php 第 62 行.
INFO: Run Behavior\ParseTemplateBehavior [ RunTime:0.017945s ]
INFO: [ view_parse ] --END-- [ RunTime:0.018107s ]
INFO: [ view_filter ] --START--
INFO: Run Behavior\WriteHtmlCacheBehavior [ RunTime:0.000542s ]
INFO: [ view_filter ] --END-- [ RunTime:0.000691s ]
INFO: [ app_end ] --START--
INFO: Run Behavior\ShowPageTraceBehavior [ RunTime:0.000792s ]
INFO: [ app_end ] --END-- [ RunTime:0.000945s ]

[ 2016-11-30T23:43:08+08:00 ] ::1 /index.php/Index/index/p/1.html
INFO: [ app_init ] --START--
INFO: Run Behavior\BuildLiteBehavior [ RunTime:0.000043s ]
INFO: [ app_init ] --END-- [ RunTime:0.000554s ]
INFO: [ app_begin ] --START--
INFO: Run Behavior\ReadHtmlCacheBehavior [ RunTime:0.000756s ]
INFO: [ app_begin ] --END-- [ RunTime:0.000920s ]
SQL: SHOW COLUMNS FROM `jiazhenggongsi` [ RunTime:0.0007s ]
SQL: SELECT * FROM `jiazhenggongsi` ORDER BY id LIMIT 0,25   [ RunTime:0.0003s ]
SQL: SHOW COLUMNS FROM `zhaogong` [ RunTime:0.0005s ]
SQL: SELECT COUNT(*) AS tp_count FROM `zhaogong` WHERE `type` = 1 LIMIT 1   [ RunTime:0.0002s ]
SQL: SELECT * FROM `zhaogong` WHERE `type` = 1 ORDER BY createtime LIMIT 0,1   [ RunTime:0.0003s ]
INFO: [ view_parse ] --START--
INFO: [ template_filter ] --START--
INFO: Run Behavior\ContentReplaceBehavior [ RunTime:0.000110s ]
INFO: [ template_filter ] --END-- [ RunTime:0.000273s ]
NOTIC: [8] Undefined index: title C:\wamp64\www\jzw\Runtime\Cache\Home\64f21543acd4a4c3a729944672a22ccf.php 第 62 行.
INFO: Run Behavior\ParseTemplateBehavior [ RunTime:0.017755s ]
INFO: [ view_parse ] --END-- [ RunTime:0.017912s ]
INFO: [ view_filter ] --START--
INFO: Run Behavior\WriteHtmlCacheBehavior [ RunTime:0.000579s ]
INFO: [ view_filter ] --END-- [ RunTime:0.000729s ]
INFO: [ app_end ] --START--
INFO: Run Behavior\ShowPageTraceBehavior [ RunTime:0.000797s ]
INFO: [ app_end ] --END-- [ RunTime:0.000956s ]

[ 2016-11-30T23:43:48+08:00 ] ::1 /index.php/Index/index/p/1.html
INFO: [ app_init ] --START--
INFO: Run Behavior\BuildLiteBehavior [ RunTime:0.000034s ]
INFO: [ app_init ] --END-- [ RunTime:0.000528s ]
INFO: [ app_begin ] --START--
INFO: Run Behavior\ReadHtmlCacheBehavior [ RunTime:0.000767s ]
INFO: [ app_begin ] --END-- [ RunTime:0.000929s ]
SQL: SHOW COLUMNS FROM `jiazhenggongsi` [ RunTime:0.0006s ]
SQL: SELECT * FROM `jiazhenggongsi` ORDER BY id LIMIT 0,25   [ RunTime:0.0003s ]
SQL: SHOW COLUMNS FROM `zhaogong` [ RunTime:0.0006s ]
SQL: SELECT COUNT(*) AS tp_count FROM `zhaogong` WHERE `type` = 1 LIMIT 1   [ RunTime:0.0003s ]
SQL: SELECT * FROM `zhaogong` WHERE `type` = 1 ORDER BY createtime LIMIT 0,1   [ RunTime:0.0004s ]
INFO: [ view_parse ] --START--
INFO: [ template_filter ] --START--
INFO: Run Behavior\ContentReplaceBehavior [ RunTime:0.000105s ]
INFO: [ template_filter ] --END-- [ RunTime:0.000268s ]
INFO: Run Behavior\ParseTemplateBehavior [ RunTime:0.017410s ]
INFO: [ view_parse ] --END-- [ RunTime:0.017573s ]
INFO: [ view_filter ] --START--
INFO: Run Behavior\WriteHtmlCacheBehavior [ RunTime:0.000545s ]
INFO: [ view_filter ] --END-- [ RunTime:0.000687s ]
INFO: [ app_end ] --START--
INFO: Run Behavior\ShowPageTraceBehavior [ RunTime:0.000778s ]
INFO: [ app_end ] --END-- [ RunTime:0.000932s ]

[ 2016-11-30T23:44:43+08:00 ] ::1 /index.php/Index/index/p/1.html
INFO: [ app_init ] --START--
INFO: Run Behavior\BuildLiteBehavior [ RunTime:0.000033s ]
INFO: [ app_init ] --END-- [ RunTime:0.000538s ]
INFO: [ app_begin ] --START--
INFO: Run Behavior\ReadHtmlCacheBehavior [ RunTime:0.000643s ]
INFO: [ app_begin ] --END-- [ RunTime:0.000805s ]
SQL: SHOW COLUMNS FROM `jiazhenggongsi` [ RunTime:0.0006s ]
SQL: SELECT * FROM `jiazhenggongsi` ORDER BY id LIMIT 0,25   [ RunTime:0.0003s ]
SQL: SHOW COLUMNS FROM `zhaogong` [ RunTime:0.0007s ]
SQL: SELECT COUNT(*) AS tp_count FROM `zhaogong` WHERE `type` = 1 LIMIT 1   [ RunTime:0.0003s ]
SQL: SELECT * FROM `zhaogong` WHERE `type` = 1 ORDER BY createtime LIMIT 0,1   [ RunTime:0.0003s ]
INFO: [ view_parse ] --START--
INFO: [ template_filter ] --START--
INFO: Run Behavior\ContentReplaceBehavior [ RunTime:0.000107s ]
INFO: [ template_filter ] --END-- [ RunTime:0.000275s ]
INFO: Run Behavior\ParseTemplateBehavior [ RunTime:0.017283s ]
INFO: [ view_parse ] --END-- [ RunTime:0.017449s ]
INFO: [ view_filter ] --START--
INFO: Run Behavior\WriteHtmlCacheBehavior [ RunTime:0.000453s ]
INFO: [ view_filter ] --END-- [ RunTime:0.000610s ]
INFO: [ app_end ] --START--
INFO: Run Behavior\ShowPageTraceBehavior [ RunTime:0.000681s ]
INFO: [ app_end ] --END-- [ RunTime:0.000837s ]

[ 2016-11-30T23:45:31+08:00 ] ::1 /index.php/Index/index/p/1.html
INFO: [ app_init ] --START--
INFO: Run Behavior\BuildLiteBehavior [ RunTime:0.000036s ]
INFO: [ app_init ] --END-- [ RunTime:0.000559s ]
INFO: [ app_begin ] --START--
INFO: Run Behavior\ReadHtmlCacheBehavior [ RunTime:0.000913s ]
INFO: [ app_begin ] --END-- [ RunTime:0.001107s ]
SQL: SHOW COLUMNS FROM `jiazhenggongsi` [ RunTime:0.0005s ]
SQL: SELECT * FROM `jiazhenggongsi` ORDER BY id LIMIT 0,25   [ RunTime:0.0003s ]
SQL: SHOW COLUMNS FROM `zhaogong` [ RunTime:0.0007s ]
SQL: SELECT COUNT(*) AS tp_count FROM `zhaogong` WHERE `type` = 1 LIMIT 1   [ RunTime:0.0003s ]
SQL: SELECT * FROM `zhaogong` WHERE `type` = 1 ORDER BY createtime LIMIT 0,1   [ RunTime:0.0003s ]
INFO: [ view_parse ] --START--
INFO: [ template_filter ] --START--
INFO: Run Behavior\ContentReplaceBehavior [ RunTime:0.000108s ]
INFO: [ template_filter ] --END-- [ RunTime:0.000273s ]
INFO: Run Behavior\ParseTemplateBehavior [ RunTime:0.017780s ]
INFO: [ view_parse ] --END-- [ RunTime:0.017946s ]
INFO: [ view_filter ] --START--
INFO: Run Behavior\WriteHtmlCacheBehavior [ RunTime:0.000583s ]
INFO: [ view_filter ] --END-- [ RunTime:0.000735s ]
INFO: [ app_end ] --START--
INFO: Run Behavior\ShowPageTraceBehavior [ RunTime:0.000790s ]
INFO: [ app_end ] --END-- [ RunTime:0.000951s ]

[ 2016-11-30T23:45:31+08:00 ] ::1 /index.php/Index/index/p/1.html
INFO: [ app_init ] --START--
INFO: Run Behavior\BuildLiteBehavior [ RunTime:0.000036s ]
INFO: [ app_init ] --END-- [ RunTime:0.000538s ]
INFO: [ app_begin ] --START--
INFO: Run Behavior\ReadHtmlCacheBehavior [ RunTime:0.000549s ]
INFO: [ app_begin ] --END-- [ RunTime:0.000716s ]
SQL: SHOW COLUMNS FROM `jiazhenggongsi` [ RunTime:0.0005s ]
SQL: SELECT * FROM `jiazhenggongsi` ORDER BY id LIMIT 0,25   [ RunTime:0.0002s ]
SQL: SHOW COLUMNS FROM `zhaogong` [ RunTime:0.0005s ]
SQL: SELECT COUNT(*) AS tp_count FROM `zhaogong` WHERE `type` = 1 LIMIT 1   [ RunTime:0.0002s ]
SQL: SELECT * FROM `zhaogong` WHERE `type` = 1 ORDER BY createtime LIMIT 0,1   [ RunTime:0.0003s ]
INFO: [ view_parse ] --START--
INFO: [ template_filter ] --START--
INFO: Run Behavior\ContentReplaceBehavior [ RunTime:0.000149s ]
INFO: [ template_filter ] --END-- [ RunTime:0.000316s ]
INFO: Run Behavior\ParseTemplateBehavior [ RunTime:0.016516s ]
INFO: [ view_parse ] --END-- [ RunTime:0.016681s ]
INFO: [ view_filter ] --START--
INFO: Run Behavior\WriteHtmlCacheBehavior [ RunTime:0.000329s ]
INFO: [ view_filter ] --END-- [ RunTime:0.000479s ]
INFO: [ app_end ] --START--
INFO: Run Behavior\ShowPageTraceBehavior [ RunTime:0.000543s ]
INFO: [ app_end ] --END-- [ RunTime:0.000698s ]

[ 2016-11-30T23:45:47+08:00 ] ::1 /index.php/Index/index/p/1.html
INFO: [ app_init ] --START--
INFO: Run Behavior\BuildLiteBehavior [ RunTime:0.000034s ]
INFO: [ app_init ] --END-- [ RunTime:0.000569s ]
INFO: [ app_begin ] --START--
INFO: Run Behavior\ReadHtmlCacheBehavior [ RunTime:0.000808s ]
INFO: [ app_begin ] --END-- [ RunTime:0.000970s ]
SQL: SHOW COLUMNS FROM `jiazhenggongsi` [ RunTime:0.0005s ]
SQL: SELECT * FROM `jiazhenggongsi` ORDER BY id LIMIT 0,25   [ RunTime:0.0002s ]
SQL: SHOW COLUMNS FROM `zhaogong` [ RunTime:0.0004s ]
SQL: SELECT COUNT(*) AS tp_count FROM `zhaogong` WHERE `type` = 1 LIMIT 1   [ RunTime:0.0002s ]
SQL: SELECT * FROM `zhaogong` WHERE `type` = 1 ORDER BY createtime LIMIT 0,1   [ RunTime:0.0003s ]
INFO: [ view_parse ] --START--
INFO: [ template_filter ] --START--
INFO: Run Behavior\ContentReplaceBehavior [ RunTime:0.000106s ]
INFO: [ template_filter ] --END-- [ RunTime:0.000269s ]
INFO: Run Behavior\ParseTemplateBehavior [ RunTime:0.017483s ]
INFO: [ view_parse ] --END-- [ RunTime:0.017642s ]
INFO: [ view_filter ] --START--
INFO: Run Behavior\WriteHtmlCacheBehavior [ RunTime:0.000582s ]
INFO: [ view_filter ] --END-- [ RunTime:0.000732s ]
INFO: [ app_end ] --START--
INFO: Run Behavior\ShowPageTraceBehavior [ RunTime:0.000782s ]
INFO: [ app_end ] --END-- [ RunTime:0.000937s ]

[ 2016-11-30T23:46:31+08:00 ] ::1 /index.php/Index/index/p/1.html
INFO: [ app_init ] --START--
INFO: Run Behavior\BuildLiteBehavior [ RunTime:0.000034s ]
INFO: [ app_init ] --END-- [ RunTime:0.000501s ]
INFO: [ app_begin ] --START--
INFO: Run Behavior\ReadHtmlCacheBehavior [ RunTime:0.000555s ]
INFO: [ app_begin ] --END-- [ RunTime:0.000734s ]
SQL: SHOW COLUMNS FROM `jiazhenggongsi` [ RunTime:0.0006s ]
SQL: SELECT * FROM `jiazhenggongsi` ORDER BY id LIMIT 0,25   [ RunTime:0.0003s ]
SQL: SHOW COLUMNS FROM `zhaogong` [ RunTime:0.0005s ]
SQL: SELECT COUNT(*) AS tp_count FROM `zhaogong` WHERE `type` = 1 LIMIT 1   [ RunTime:0.0003s ]
SQL: SELECT * FROM `zhaogong` WHERE `type` = 1 ORDER BY createtime LIMIT 0,1   [ RunTime:0.0004s ]
INFO: [ view_parse ] --START--
INFO: [ template_filter ] --START--
INFO: Run Behavior\ContentReplaceBehavior [ RunTime:0.000116s ]
INFO: [ template_filter ] --END-- [ RunTime:0.000295s ]
INFO: Run Behavior\ParseTemplateBehavior [ RunTime:0.016356s ]
INFO: [ view_parse ] --END-- [ RunTime:0.016531s ]
INFO: [ view_filter ] --START--
INFO: Run Behavior\WriteHtmlCacheBehavior [ RunTime:0.000346s ]
INFO: [ view_filter ] --END-- [ RunTime:0.000497s ]
INFO: [ app_end ] --START--
INFO: Run Behavior\ShowPageTraceBehavior [ RunTime:0.000555s ]
INFO: [ app_end ] --END-- [ RunTime:0.000708s ]

[ 2016-11-30T23:48:00+08:00 ] ::1 /index.php/Index/index/p/1.html
INFO: [ app_init ] --START--
INFO: Run Behavior\BuildLiteBehavior [ RunTime:0.000034s ]
INFO: [ app_init ] --END-- [ RunTime:0.000521s ]
INFO: [ app_begin ] --START--
INFO: Run Behavior\ReadHtmlCacheBehavior [ RunTime:0.000853s ]
INFO: [ app_begin ] --END-- [ RunTime:0.001015s ]
SQL: SHOW COLUMNS FROM `jiazhenggongsi` [ RunTime:0.0005s ]
SQL: SELECT * FROM `jiazhenggongsi` ORDER BY id LIMIT 0,25   [ RunTime:0.0003s ]
SQL: SHOW COLUMNS FROM `zhaogong` [ RunTime:0.0005s ]
SQL: SELECT COUNT(*) AS tp_count FROM `zhaogong` WHERE `type` = 1 LIMIT 1   [ RunTime:0.0002s ]
SQL: SELECT * FROM `zhaogong` WHERE `type` = 1 ORDER BY createtime LIMIT 0,1   [ RunTime:0.0003s ]
INFO: [ view_parse ] --START--
INFO: [ template_filter ] --START--
INFO: Run Behavior\ContentReplaceBehavior [ RunTime:0.000100s ]
INFO: [ template_filter ] --END-- [ RunTime:0.000270s ]
INFO: Run Behavior\ParseTemplateBehavior [ RunTime:0.018020s ]
INFO: [ view_parse ] --END-- [ RunTime:0.018181s ]
INFO: [ view_filter ] --START--
INFO: Run Behavior\WriteHtmlCacheBehavior [ RunTime:0.000596s ]
INFO: [ view_filter ] --END-- [ RunTime:0.000747s ]
INFO: [ app_end ] --START--
INFO: Run Behavior\ShowPageTraceBehavior [ RunTime:0.000805s ]
INFO: [ app_end ] --END-- [ RunTime:0.000958s ]

[ 2016-11-30T23:48:16+08:00 ] ::1 /index.php/Index/index/p/1.html
INFO: [ app_init ] --START--
INFO: Run Behavior\BuildLiteBehavior [ RunTime:0.000035s ]
INFO: [ app_init ] --END-- [ RunTime:0.000539s ]
INFO: [ app_begin ] --START--
INFO: Run Behavior\ReadHtmlCacheBehavior [ RunTime:0.000849s ]
INFO: [ app_begin ] --END-- [ RunTime:0.001018s ]
SQL: SHOW COLUMNS FROM `jiazhenggongsi` [ RunTime:0.0005s ]
SQL: SELECT * FROM `jiazhenggongsi` ORDER BY id LIMIT 0,25   [ RunTime:0.0003s ]
SQL: SHOW COLUMNS FROM `zhaogong` [ RunTime:0.0005s ]
SQL: SELECT COUNT(*) AS tp_count FROM `zhaogong` WHERE `type` = 1 LIMIT 1   [ RunTime:0.0002s ]
SQL: SELECT * FROM `zhaogong` WHERE `type` = 1 ORDER BY createtime LIMIT 0,2   [ RunTime:0.0003s ]
INFO: [ view_parse ] --START--
INFO: [ template_filter ] --START--
INFO: Run Behavior\ContentReplaceBehavior [ RunTime:0.000105s ]
INFO: [ template_filter ] --END-- [ RunTime:0.000271s ]
INFO: Run Behavior\ParseTemplateBehavior [ RunTime:0.017511s ]
INFO: [ view_parse ] --END-- [ RunTime:0.017673s ]
INFO: [ view_filter ] --START--
INFO: Run Behavior\WriteHtmlCacheBehavior [ RunTime:0.000550s ]
INFO: [ view_filter ] --END-- [ RunTime:0.000701s ]
INFO: [ app_end ] --START--
INFO: Run Behavior\ShowPageTraceBehavior [ RunTime:0.000822s ]
INFO: [ app_end ] --END-- [ RunTime:0.000977s ]

[ 2016-11-30T23:48:47+08:00 ] ::1 /index.php/Index/index/p/1.html
INFO: [ app_init ] --START--
INFO: Run Behavior\BuildLiteBehavior [ RunTime:0.000036s ]
INFO: [ app_init ] --END-- [ RunTime:0.000578s ]
INFO: [ app_begin ] --START--
INFO: Run Behavior\ReadHtmlCacheBehavior [ RunTime:0.000688s ]
INFO: [ app_begin ] --END-- [ RunTime:0.000862s ]
SQL: SHOW COLUMNS FROM `jiazhenggongsi` [ RunTime:0.0005s ]
SQL: SELECT * FROM `jiazhenggongsi` ORDER BY id LIMIT 0,25   [ RunTime:0.0003s ]
SQL: SHOW COLUMNS FROM `zhaogong` [ RunTime:0.0005s ]
SQL: SELECT COUNT(*) AS tp_count FROM `zhaogong` WHERE `type` = 1 LIMIT 1   [ RunTime:0.0003s ]
SQL: SELECT * FROM `zhaogong` WHERE `type` = 1 ORDER BY createtime LIMIT 0,2   [ RunTime:0.0003s ]
INFO: [ view_parse ] --START--
INFO: [ template_filter ] --START--
INFO: Run Behavior\ContentReplaceBehavior [ RunTime:0.000109s ]
INFO: [ template_filter ] --END-- [ RunTime:0.000283s ]
INFO: Run Behavior\ParseTemplateBehavior [ RunTime:0.017886s ]
INFO: [ view_parse ] --END-- [ RunTime:0.018090s ]
INFO: [ view_filter ] --START--
INFO: Run Behavior\WriteHtmlCacheBehavior [ RunTime:0.000492s ]
INFO: [ view_filter ] --END-- [ RunTime:0.000645s ]
INFO: [ app_end ] --START--
INFO: Run Behavior\ShowPageTraceBehavior [ RunTime:0.000653s ]
INFO: [ app_end ] --END-- [ RunTime:0.000835s ]

[ 2016-11-30T23:49:34+08:00 ] ::1 /index.php/Index/index/p/1.html
INFO: [ app_init ] --START--
INFO: Run Behavior\BuildLiteBehavior [ RunTime:0.000035s ]
INFO: [ app_init ] --END-- [ RunTime:0.000538s ]
INFO: [ app_begin ] --START--
INFO: Run Behavior\ReadHtmlCacheBehavior [ RunTime:0.000877s ]
INFO: [ app_begin ] --END-- [ RunTime:0.001056s ]
SQL: SHOW COLUMNS FROM `jiazhenggongsi` [ RunTime:0.0006s ]
SQL: SELECT * FROM `jiazhenggongsi` ORDER BY id LIMIT 0,25   [ RunTime:0.0003s ]
SQL: SHOW COLUMNS FROM `zhaogong` [ RunTime:0.0005s ]
SQL: SELECT COUNT(*) AS tp_count FROM `zhaogong` WHERE `type` = 1 LIMIT 1   [ RunTime:0.0003s ]
SQL: SELECT * FROM `zhaogong` WHERE `type` = 1 ORDER BY createtime LIMIT 0,2   [ RunTime:0.0005s ]
INFO: [ view_parse ] --START--
INFO: [ template_filter ] --START--
INFO: Run Behavior\ContentReplaceBehavior [ RunTime:0.000108s ]
INFO: [ template_filter ] --END-- [ RunTime:0.000278s ]
INFO: Run Behavior\ParseTemplateBehavior [ RunTime:0.018192s ]
INFO: [ view_parse ] --END-- [ RunTime:0.018372s ]
INFO: [ view_filter ] --START--
INFO: Run Behavior\WriteHtmlCacheBehavior [ RunTime:0.000604s ]
INFO: [ view_filter ] --END-- [ RunTime:0.000755s ]
INFO: [ app_end ] --START--
INFO: Run Behavior\ShowPageTraceBehavior [ RunTime:0.000823s ]
INFO: [ app_end ] --END-- [ RunTime:0.000978s ]

[ 2016-11-30T23:49:38+08:00 ] ::1 /index.php/Index/index/p/1.html
INFO: [ app_init ] --START--
INFO: Run Behavior\BuildLiteBehavior [ RunTime:0.000036s ]
INFO: [ app_init ] --END-- [ RunTime:0.000598s ]
INFO: [ app_begin ] --START--
INFO: Run Behavior\ReadHtmlCacheBehavior [ RunTime:0.000817s ]
INFO: [ app_begin ] --END-- [ RunTime:0.000990s ]
SQL: SHOW COLUMNS FROM `jiazhenggongsi` [ RunTime:0.0006s ]
SQL: SELECT * FROM `jiazhenggongsi` ORDER BY id LIMIT 0,25   [ RunTime:0.0003s ]
SQL: SHOW COLUMNS FROM `zhaogong` [ RunTime:0.0006s ]
SQL: SELECT COUNT(*) AS tp_count FROM `zhaogong` WHERE `type` = 1 LIMIT 1   [ RunTime:0.0002s ]
SQL: SELECT * FROM `zhaogong` WHERE `type` = 1 ORDER BY createtime LIMIT 0,2   [ RunTime:0.0003s ]
INFO: [ view_parse ] --START--
INFO: [ template_filter ] --START--
INFO: Run Behavior\ContentReplaceBehavior [ RunTime:0.000104s ]
INFO: [ template_filter ] --END-- [ RunTime:0.000283s ]
INFO: Run Behavior\ParseTemplateBehavior [ RunTime:0.017984s ]
INFO: [ view_parse ] --END-- [ RunTime:0.018150s ]
INFO: [ view_filter ] --START--
INFO: Run Behavior\WriteHtmlCacheBehavior [ RunTime:0.000600s ]
INFO: [ view_filter ] --END-- [ RunTime:0.000749s ]
INFO: [ app_end ] --START--
INFO: Run Behavior\ShowPageTraceBehavior [ RunTime:0.000810s ]
INFO: [ app_end ] --END-- [ RunTime:0.000967s ]

[ 2016-11-30T23:49:44+08:00 ] ::1 /index.php/Index/index/p/1.html
INFO: [ app_init ] --START--
INFO: Run Behavior\BuildLiteBehavior [ RunTime:0.000033s ]
INFO: [ app_init ] --END-- [ RunTime:0.000530s ]
INFO: [ app_begin ] --START--
INFO: Run Behavior\ReadHtmlCacheBehavior [ RunTime:0.000765s ]
INFO: [ app_begin ] --END-- [ RunTime:0.000927s ]
SQL: SHOW COLUMNS FROM `jiazhenggongsi` [ RunTime:0.0005s ]
SQL: SELECT * FROM `jiazhenggongsi` ORDER BY id LIMIT 0,25   [ RunTime:0.0003s ]
SQL: SHOW COLUMNS FROM `zhaogong` [ RunTime:0.0007s ]
SQL: SELECT COUNT(*) AS tp_count FROM `zhaogong` WHERE `type` = 1 LIMIT 1   [ RunTime:0.0003s ]
SQL: SELECT * FROM `zhaogong` WHERE `type` = 1 ORDER BY createtime LIMIT 0,2   [ RunTime:0.0003s ]
INFO: [ view_parse ] --START--
INFO: [ template_filter ] --START--
INFO: Run Behavior\ContentReplaceBehavior [ RunTime:0.000105s ]
INFO: [ template_filter ] --END-- [ RunTime:0.000268s ]
INFO: Run Behavior\ParseTemplateBehavior [ RunTime:0.017991s ]
INFO: [ view_parse ] --END-- [ RunTime:0.018154s ]
INFO: [ view_filter ] --START--
INFO: Run Behavior\WriteHtmlCacheBehavior [ RunTime:0.000545s ]
INFO: [ view_filter ] --END-- [ RunTime:0.000693s ]
INFO: [ app_end ] --START--
INFO: Run Behavior\ShowPageTraceBehavior [ RunTime:0.000808s ]
INFO: [ app_end ] --END-- [ RunTime:0.000962s ]

[ 2016-11-30T23:50:10+08:00 ] ::1 /index.php/Index/index/p/1.html
INFO: [ app_init ] --START--
INFO: Run Behavior\BuildLiteBehavior [ RunTime:0.000033s ]
INFO: [ app_init ] --END-- [ RunTime:0.000580s ]
INFO: [ app_begin ] --START--
INFO: Run Behavior\ReadHtmlCacheBehavior [ RunTime:0.000821s ]
INFO: [ app_begin ] --END-- [ RunTime:0.000991s ]
SQL: SHOW COLUMNS FROM `jiazhenggongsi` [ RunTime:0.0006s ]
SQL: SELECT * FROM `jiazhenggongsi` ORDER BY id LIMIT 0,25   [ RunTime:0.0003s ]
SQL: SHOW COLUMNS FROM `zhaogong` [ RunTime:0.0005s ]
SQL: SELECT COUNT(*) AS tp_count FROM `zhaogong` WHERE `type` = 1 LIMIT 1   [ RunTime:0.0002s ]
SQL: SELECT * FROM `zhaogong` WHERE `type` = 1 ORDER BY createtime LIMIT 0,2   [ RunTime:0.0003s ]
INFO: [ view_parse ] --START--
INFO: [ template_filter ] --START--
INFO: Run Behavior\ContentReplaceBehavior [ RunTime:0.000107s ]
INFO: [ template_filter ] --END-- [ RunTime:0.000276s ]
INFO: Run Behavior\ParseTemplateBehavior [ RunTime:0.018413s ]
INFO: [ view_parse ] --END-- [ RunTime:0.018579s ]
INFO: [ view_filter ] --START--
INFO: Run Behavior\WriteHtmlCacheBehavior [ RunTime:0.000566s ]
INFO: [ view_filter ] --END-- [ RunTime:0.000716s ]
INFO: [ app_end ] --START--
INFO: Run Behavior\ShowPageTraceBehavior [ RunTime:0.000814s ]
INFO: [ app_end ] --END-- [ RunTime:0.000973s ]

[ 2016-11-30T23:50:37+08:00 ] ::1 /index.php/Index/index/p/1.html
INFO: [ app_init ] --START--
INFO: Run Behavior\BuildLiteBehavior [ RunTime:0.000036s ]
INFO: [ app_init ] --END-- [ RunTime:0.000540s ]
INFO: [ app_begin ] --START--
INFO: Run Behavior\ReadHtmlCacheBehavior [ RunTime:0.000538s ]
INFO: [ app_begin ] --END-- [ RunTime:0.000702s ]
SQL: SHOW COLUMNS FROM `jiazhenggongsi` [ RunTime:0.0006s ]
SQL: SELECT * FROM `jiazhenggongsi` ORDER BY id LIMIT 0,25   [ RunTime:0.0003s ]
SQL: SHOW COLUMNS FROM `zhaogong` [ RunTime:0.0005s ]
SQL: SELECT COUNT(*) AS tp_count FROM `zhaogong` WHERE `type` = 1 LIMIT 1   [ RunTime:0.0002s ]
SQL: SELECT * FROM `zhaogong` WHERE `type` = 1 ORDER BY createtime LIMIT 0,2   [ RunTime:0.0003s ]
INFO: [ view_parse ] --START--
INFO: [ template_filter ] --START--
INFO: Run Behavior\ContentReplaceBehavior [ RunTime:0.000110s ]
INFO: [ template_filter ] --END-- [ RunTime:0.000278s ]
INFO: Run Behavior\ParseTemplateBehavior [ RunTime:0.016343s ]
INFO: [ view_parse ] --END-- [ RunTime:0.016507s ]
INFO: [ view_filter ] --START--
INFO: Run Behavior\WriteHtmlCacheBehavior [ RunTime:0.000327s ]
INFO: [ view_filter ] --END-- [ RunTime:0.000478s ]
INFO: [ app_end ] --START--
INFO: Run Behavior\ShowPageTraceBehavior [ RunTime:0.000537s ]
INFO: [ app_end ] --END-- [ RunTime:0.000705s ]

[ 2016-11-30T23:50:46+08:00 ] ::1 /index.php/Index/index/p/1.html
INFO: [ app_init ] --START--
INFO: Run Behavior\BuildLiteBehavior [ RunTime:0.000033s ]
INFO: [ app_init ] --END-- [ RunTime:0.000501s ]
INFO: [ app_begin ] --START--
INFO: Run Behavior\ReadHtmlCacheBehavior [ RunTime:0.000538s ]
INFO: [ app_begin ] --END-- [ RunTime:0.000707s ]
SQL: SHOW COLUMNS FROM `jiazhenggongsi` [ RunTime:0.0005s ]
SQL: SELECT * FROM `jiazhenggongsi` ORDER BY id LIMIT 0,25   [ RunTime:0.0002s ]
SQL: SHOW COLUMNS FROM `zhaogong` [ RunTime:0.0005s ]
SQL: SELECT COUNT(*) AS tp_count FROM `zhaogong` WHERE `type` = 1 LIMIT 1   [ RunTime:0.0002s ]
SQL: SELECT * FROM `zhaogong` WHERE `type` = 1 ORDER BY createtime LIMIT 0,2   [ RunTime:0.0005s ]
INFO: [ view_parse ] --START--
INFO: [ template_filter ] --START--
INFO: Run Behavior\ContentReplaceBehavior [ RunTime:0.000107s ]
INFO: [ template_filter ] --END-- [ RunTime:0.000275s ]
INFO: Run Behavior\ParseTemplateBehavior [ RunTime:0.016394s ]
INFO: [ view_parse ] --END-- [ RunTime:0.016564s ]
INFO: [ view_filter ] --START--
INFO: Run Behavior\WriteHtmlCacheBehavior [ RunTime:0.000339s ]
INFO: [ view_filter ] --END-- [ RunTime:0.000490s ]
INFO: [ app_end ] --START--
INFO: Run Behavior\ShowPageTraceBehavior [ RunTime:0.000557s ]
INFO: [ app_end ] --END-- [ RunTime:0.000710s ]

[ 2016-11-30T23:55:06+08:00 ] ::1 /index.php/Index/index/p/1.html
INFO: [ app_init ] --START--
INFO: Run Behavior\BuildLiteBehavior [ RunTime:0.000061s ]
INFO: [ app_init ] --END-- [ RunTime:0.000688s ]
INFO: [ app_begin ] --START--
INFO: Run Behavior\ReadHtmlCacheBehavior [ RunTime:0.000824s ]
INFO: [ app_begin ] --END-- [ RunTime:0.000991s ]
SQL: SHOW COLUMNS FROM `jiazhenggongsi` [ RunTime:0.0006s ]
SQL: SELECT * FROM `jiazhenggongsi` ORDER BY id LIMIT 0,25   [ RunTime:0.0003s ]
SQL: SHOW COLUMNS FROM `zhaogong` [ RunTime:0.0005s ]
NOTIC: [8] Undefined variable: m C:\wamp64\www\jzw\Home\Controller\IndexController.class.php 第 25 行.

[ 2016-11-30T23:55:08+08:00 ] ::1 /index.php/Index/index/p/1.html
INFO: [ app_init ] --START--
INFO: Run Behavior\BuildLiteBehavior [ RunTime:0.000034s ]
INFO: [ app_init ] --END-- [ RunTime:0.000544s ]
INFO: [ app_begin ] --START--
INFO: Run Behavior\ReadHtmlCacheBehavior [ RunTime:0.000765s ]
INFO: [ app_begin ] --END-- [ RunTime:0.000928s ]
SQL: SHOW COLUMNS FROM `jiazhenggongsi` [ RunTime:0.0006s ]
SQL: SELECT * FROM `jiazhenggongsi` ORDER BY id LIMIT 0,25   [ RunTime:0.0003s ]
SQL: SHOW COLUMNS FROM `zhaogong` [ RunTime:0.0005s ]
NOTIC: [8] Undefined variable: m C:\wamp64\www\jzw\Home\Controller\IndexController.class.php 第 25 行.

[ 2016-11-30T23:56:43+08:00 ] ::1 /index.php/Index/index/p/1.html
INFO: [ app_init ] --START--
INFO: Run Behavior\BuildLiteBehavior [ RunTime:0.000034s ]
INFO: [ app_init ] --END-- [ RunTime:0.000534s ]
INFO: [ app_begin ] --START--
INFO: Run Behavior\ReadHtmlCacheBehavior [ RunTime:0.000610s ]
INFO: [ app_begin ] --END-- [ RunTime:0.000756s ]
SQL: SHOW COLUMNS FROM `jiazhenggongsi` [ RunTime:0.0006s ]
SQL: SELECT * FROM `jiazhenggongsi` ORDER BY id LIMIT 0,25   [ RunTime:0.0003s ]
SQL: SHOW COLUMNS FROM `zhaogong` [ RunTime:0.0005s ]
NOTIC: [8] Undefined variable: m C:\wamp64\www\jzw\Home\Controller\IndexController.class.php 第 18 行.

[ 2016-11-30T23:56:52+08:00 ] ::1 /index.php/Index/index/p/1.html
INFO: [ app_init ] --START--
INFO: Run Behavior\BuildLiteBehavior [ RunTime:0.000034s ]
INFO: [ app_init ] --END-- [ RunTime:0.000538s ]
INFO: [ app_begin ] --START--
INFO: Run Behavior\ReadHtmlCacheBehavior [ RunTime:0.000791s ]
INFO: [ app_begin ] --END-- [ RunTime:0.000956s ]
SQL: SHOW COLUMNS FROM `jiazhenggongsi` [ RunTime:0.0006s ]
SQL: SELECT * FROM `jiazhenggongsi` ORDER BY id LIMIT 0,25   [ RunTime:0.0003s ]
SQL: SHOW COLUMNS FROM `zhaogong` [ RunTime:0.0006s ]
NOTIC: [8] Undefined variable: m C:\wamp64\www\jzw\Home\Controller\IndexController.class.php 第 18 行.

[ 2016-11-30T23:57:37+08:00 ] ::1 /index.php/Index/index/p/1.html
INFO: [ app_init ] --START--
INFO: Run Behavior\BuildLiteBehavior [ RunTime:0.000034s ]
INFO: [ app_init ] --END-- [ RunTime:0.000527s ]
INFO: [ app_begin ] --START--
INFO: Run Behavior\ReadHtmlCacheBehavior [ RunTime:0.000795s ]
INFO: [ app_begin ] --END-- [ RunTime:0.000962s ]
SQL: SHOW COLUMNS FROM `jiazhenggongsi` [ RunTime:0.0007s ]
SQL: SELECT * FROM `jiazhenggongsi` ORDER BY id LIMIT 0,25   [ RunTime:0.0003s ]
SQL: SHOW COLUMNS FROM `zhaogong` [ RunTime:0.0005s ]
SQL: SELECT COUNT(*) AS tp_count FROM `zhaogong` WHERE `type` = 1 LIMIT 1   [ RunTime:0.0002s ]
SQL: SELECT * FROM `zhaogong` WHERE `type` = 1 ORDER BY createtime LIMIT 0,20   [ RunTime:0.0003s ]
INFO: [ view_parse ] --START--
INFO: [ template_filter ] --START--
INFO: Run Behavior\ContentReplaceBehavior [ RunTime:0.000107s ]
INFO: [ template_filter ] --END-- [ RunTime:0.000281s ]
INFO: Run Behavior\ParseTemplateBehavior [ RunTime:0.017951s ]
INFO: [ view_parse ] --END-- [ RunTime:0.018123s ]
INFO: [ view_filter ] --START--
INFO: Run Behavior\WriteHtmlCacheBehavior [ RunTime:0.000651s ]
INFO: [ view_filter ] --END-- [ RunTime:0.000803s ]
INFO: [ app_end ] --START--
INFO: Run Behavior\ShowPageTraceBehavior [ RunTime:0.000819s ]
INFO: [ app_end ] --END-- [ RunTime:0.000972s ]

