[ 2017-11-28T16:42:03+08:00 ] ::1 /
INFO: [ app_init ] --START--
INFO: Run Behavior\BuildLiteBehavior [ RunTime:0.000038s ]
INFO: [ app_init ] --END-- [ RunTime:0.000976s ]
INFO: [ app_begin ] --START--
INFO: Run Behavior\ReadHtmlCacheBehavior [ RunTime:0.001501s ]
INFO: [ app_begin ] --END-- [ RunTime:0.001639s ]
SQL: SHOW COLUMNS FROM `zhaogong` [ RunTime:0.0052s ]
NOTIC: [8] Use of undefined constant z - assumed 'z' C:\wamp64\www\db\jzw\Home\Controller\IndexController.class.php 第 26 行.
SQL: SELECT COUNT(*) AS tp_count FROM `zhaogong` WHERE `type` = 0 AND `status` = 0 LIMIT 1   [ RunTime:0.0004s ]
SQL: SELECT * FROM `zhaogong` WHERE `type` = 0 AND `status` = 0 ORDER BY createtime desc LIMIT 0,21   [ RunTime:0.0003s ]
SQL: SHOW COLUMNS FROM `jiazhenggongsi` [ RunTime:0.0015s ]
SQL: SELECT * FROM `jiazhenggongsi`  [ RunTime:0.0002s ]
INFO: [ view_parse ] --START--
INFO: [ template_filter ] --START--
INFO: Run Behavior\ContentReplaceBehavior [ RunTime:0.000071s ]
INFO: [ template_filter ] --END-- [ RunTime:0.000164s ]
NOTIC: [8] Undefined variable: position C:\wamp64\www\db\jzw\Runtime\Cache\Home\64f21543acd4a4c3a729944672a22ccf.php 第 60 行.
INFO: Run Behavior\ParseTemplateBehavior [ RunTime:0.020566s ]
INFO: [ view_parse ] --END-- [ RunTime:0.020645s ]
INFO: [ view_filter ] --START--
INFO: Run Behavior\WriteHtmlCacheBehavior [ RunTime:0.000718s ]
INFO: [ view_filter ] --END-- [ RunTime:0.000788s ]
INFO: [ app_end ] --START--
INFO: Run Behavior\ShowPageTraceBehavior [ RunTime:0.000912s ]
INFO: [ app_end ] --END-- [ RunTime:0.000983s ]

[ 2017-11-28T16:42:09+08:00 ] ::1 /index.php/Index?z=-2&type=2
INFO: [ app_init ] --START--
INFO: Run Behavior\BuildLiteBehavior [ RunTime:0.000019s ]
INFO: [ app_init ] --END-- [ RunTime:0.000573s ]
INFO: [ app_begin ] --START--
INFO: Run Behavior\ReadHtmlCacheBehavior [ RunTime:0.001011s ]
INFO: [ app_begin ] --END-- [ RunTime:0.001089s ]
SQL: SHOW COLUMNS FROM `zhaogong` [ RunTime:0.0012s ]
NOTIC: [8] Use of undefined constant z - assumed 'z' C:\wamp64\www\db\jzw\Home\Controller\IndexController.class.php 第 26 行.
SQL: SELECT COUNT(*) AS tp_count FROM `zhaogong` WHERE `type` = 2 AND `status` = 0 LIMIT 1   [ RunTime:0.0002s ]
SQL: SELECT * FROM `zhaogong` WHERE `type` = 2 AND `status` = 0 ORDER BY createtime desc LIMIT 0,21   [ RunTime:0.0003s ]
SQL: SHOW COLUMNS FROM `jiazhenggongsi` [ RunTime:0.0009s ]
SQL: SELECT * FROM `jiazhenggongsi`  [ RunTime:0.0002s ]
INFO: [ view_parse ] --START--
INFO: [ template_filter ] --START--
INFO: Run Behavior\ContentReplaceBehavior [ RunTime:0.000073s ]
INFO: [ template_filter ] --END-- [ RunTime:0.000164s ]
NOTIC: [8] Undefined variable: position C:\wamp64\www\db\jzw\Runtime\Cache\Home\64f21543acd4a4c3a729944672a22ccf.php 第 60 行.
INFO: Run Behavior\ParseTemplateBehavior [ RunTime:0.019504s ]
INFO: [ view_parse ] --END-- [ RunTime:0.019583s ]
INFO: [ view_filter ] --START--
INFO: Run Behavior\WriteHtmlCacheBehavior [ RunTime:0.000748s ]
INFO: [ view_filter ] --END-- [ RunTime:0.000820s ]
INFO: [ app_end ] --START--
INFO: Run Behavior\ShowPageTraceBehavior [ RunTime:0.000924s ]
INFO: [ app_end ] --END-- [ RunTime:0.000998s ]

[ 2017-11-28T16:42:10+08:00 ] ::1 /index.php/Index?z=-2&type=3
INFO: [ app_init ] --START--
INFO: Run Behavior\BuildLiteBehavior [ RunTime:0.000020s ]
INFO: [ app_init ] --END-- [ RunTime:0.000458s ]
INFO: [ app_begin ] --START--
INFO: Run Behavior\ReadHtmlCacheBehavior [ RunTime:0.000685s ]
INFO: [ app_begin ] --END-- [ RunTime:0.000764s ]
SQL: SHOW COLUMNS FROM `zhaogong` [ RunTime:0.0012s ]
NOTIC: [8] Use of undefined constant z - assumed 'z' C:\wamp64\www\db\jzw\Home\Controller\IndexController.class.php 第 26 行.
SQL: SELECT COUNT(*) AS tp_count FROM `zhaogong` WHERE `type` = 3 AND `status` = 0 LIMIT 1   [ RunTime:0.0002s ]
SQL: SELECT * FROM `zhaogong` WHERE `type` = 3 AND `status` = 0 ORDER BY createtime desc LIMIT 0,21   [ RunTime:0.0003s ]
SQL: SHOW COLUMNS FROM `jiazhenggongsi` [ RunTime:0.0010s ]
SQL: SELECT * FROM `jiazhenggongsi`  [ RunTime:0.0002s ]
INFO: [ view_parse ] --START--
INFO: [ template_filter ] --START--
INFO: Run Behavior\ContentReplaceBehavior [ RunTime:0.000067s ]
INFO: [ template_filter ] --END-- [ RunTime:0.000155s ]
NOTIC: [8] Undefined variable: position C:\wamp64\www\db\jzw\Runtime\Cache\Home\64f21543acd4a4c3a729944672a22ccf.php 第 60 行.
INFO: Run Behavior\ParseTemplateBehavior [ RunTime:0.015795s ]
INFO: [ view_parse ] --END-- [ RunTime:0.015873s ]
INFO: [ view_filter ] --START--
INFO: Run Behavior\WriteHtmlCacheBehavior [ RunTime:0.000514s ]
INFO: [ view_filter ] --END-- [ RunTime:0.000584s ]
INFO: [ app_end ] --START--
INFO: Run Behavior\ShowPageTraceBehavior [ RunTime:0.000712s ]
INFO: [ app_end ] --END-- [ RunTime:0.000783s ]

[ 2017-11-28T16:42:10+08:00 ] ::1 /index.php/Index?z=-2&type=4
INFO: [ app_init ] --START--
INFO: Run Behavior\BuildLiteBehavior [ RunTime:0.000020s ]
INFO: [ app_init ] --END-- [ RunTime:0.000470s ]
INFO: [ app_begin ] --START--
INFO: Run Behavior\ReadHtmlCacheBehavior [ RunTime:0.000691s ]
INFO: [ app_begin ] --END-- [ RunTime:0.000770s ]
SQL: SHOW COLUMNS FROM `zhaogong` [ RunTime:0.0012s ]
NOTIC: [8] Use of undefined constant z - assumed 'z' C:\wamp64\www\db\jzw\Home\Controller\IndexController.class.php 第 26 行.
SQL: SELECT COUNT(*) AS tp_count FROM `zhaogong` WHERE `type` = 4 AND `status` = 0 LIMIT 1   [ RunTime:0.0002s ]
SQL: SELECT * FROM `zhaogong` WHERE `type` = 4 AND `status` = 0 ORDER BY createtime desc LIMIT 0,21   [ RunTime:0.0003s ]
SQL: SHOW COLUMNS FROM `jiazhenggongsi` [ RunTime:0.0009s ]
SQL: SELECT * FROM `jiazhenggongsi`  [ RunTime:0.0002s ]
INFO: [ view_parse ] --START--
INFO: [ template_filter ] --START--
INFO: Run Behavior\ContentReplaceBehavior [ RunTime:0.000067s ]
INFO: [ template_filter ] --END-- [ RunTime:0.000151s ]
NOTIC: [8] Undefined variable: position C:\wamp64\www\db\jzw\Runtime\Cache\Home\64f21543acd4a4c3a729944672a22ccf.php 第 60 行.
INFO: Run Behavior\ParseTemplateBehavior [ RunTime:0.015395s ]
INFO: [ view_parse ] --END-- [ RunTime:0.015473s ]
INFO: [ view_filter ] --START--
INFO: Run Behavior\WriteHtmlCacheBehavior [ RunTime:0.000509s ]
INFO: [ view_filter ] --END-- [ RunTime:0.000579s ]
INFO: [ app_end ] --START--
INFO: Run Behavior\ShowPageTraceBehavior [ RunTime:0.000759s ]
INFO: [ app_end ] --END-- [ RunTime:0.000832s ]

[ 2017-11-28T16:42:11+08:00 ] ::1 /index.php/Index?z=-2&type=1
INFO: [ app_init ] --START--
INFO: Run Behavior\BuildLiteBehavior [ RunTime:0.000020s ]
INFO: [ app_init ] --END-- [ RunTime:0.000470s ]
INFO: [ app_begin ] --START--
INFO: Run Behavior\ReadHtmlCacheBehavior [ RunTime:0.000681s ]
INFO: [ app_begin ] --END-- [ RunTime:0.000759s ]
SQL: SHOW COLUMNS FROM `zhaogong` [ RunTime:0.0013s ]
NOTIC: [8] Use of undefined constant z - assumed 'z' C:\wamp64\www\db\jzw\Home\Controller\IndexController.class.php 第 26 行.
SQL: SELECT COUNT(*) AS tp_count FROM `zhaogong` WHERE `type` = 1 AND `status` = 0 LIMIT 1   [ RunTime:0.0002s ]
SQL: SELECT * FROM `zhaogong` WHERE `type` = 1 AND `status` = 0 ORDER BY createtime desc LIMIT 0,21   [ RunTime:0.0003s ]
SQL: SHOW COLUMNS FROM `jiazhenggongsi` [ RunTime:0.0010s ]
SQL: SELECT * FROM `jiazhenggongsi`  [ RunTime:0.0002s ]
INFO: [ view_parse ] --START--
INFO: [ template_filter ] --START--
INFO: Run Behavior\ContentReplaceBehavior [ RunTime:0.000068s ]
INFO: [ template_filter ] --END-- [ RunTime:0.000155s ]
NOTIC: [8] Undefined variable: position C:\wamp64\www\db\jzw\Runtime\Cache\Home\64f21543acd4a4c3a729944672a22ccf.php 第 60 行.
INFO: Run Behavior\ParseTemplateBehavior [ RunTime:0.015661s ]
INFO: [ view_parse ] --END-- [ RunTime:0.015743s ]
INFO: [ view_filter ] --START--
INFO: Run Behavior\WriteHtmlCacheBehavior [ RunTime:0.000513s ]
INFO: [ view_filter ] --END-- [ RunTime:0.000584s ]
INFO: [ app_end ] --START--
INFO: Run Behavior\ShowPageTraceBehavior [ RunTime:0.000706s ]
INFO: [ app_end ] --END-- [ RunTime:0.000778s ]

[ 2017-11-28T16:42:12+08:00 ] ::1 /index.php/Index?z=-2&type=3
INFO: [ app_init ] --START--
INFO: Run Behavior\BuildLiteBehavior [ RunTime:0.000018s ]
INFO: [ app_init ] --END-- [ RunTime:0.000500s ]
INFO: [ app_begin ] --START--
INFO: Run Behavior\ReadHtmlCacheBehavior [ RunTime:0.000714s ]
INFO: [ app_begin ] --END-- [ RunTime:0.000794s ]
SQL: SHOW COLUMNS FROM `zhaogong` [ RunTime:0.0012s ]
NOTIC: [8] Use of undefined constant z - assumed 'z' C:\wamp64\www\db\jzw\Home\Controller\IndexController.class.php 第 26 行.
SQL: SELECT COUNT(*) AS tp_count FROM `zhaogong` WHERE `type` = 3 AND `status` = 0 LIMIT 1   [ RunTime:0.0003s ]
SQL: SELECT * FROM `zhaogong` WHERE `type` = 3 AND `status` = 0 ORDER BY createtime desc LIMIT 0,21   [ RunTime:0.0003s ]
SQL: SHOW COLUMNS FROM `jiazhenggongsi` [ RunTime:0.0011s ]
SQL: SELECT * FROM `jiazhenggongsi`  [ RunTime:0.0002s ]
INFO: [ view_parse ] --START--
INFO: [ template_filter ] --START--
INFO: Run Behavior\ContentReplaceBehavior [ RunTime:0.000062s ]
INFO: [ template_filter ] --END-- [ RunTime:0.000136s ]
NOTIC: [8] Undefined variable: position C:\wamp64\www\db\jzw\Runtime\Cache\Home\64f21543acd4a4c3a729944672a22ccf.php 第 60 行.
INFO: Run Behavior\ParseTemplateBehavior [ RunTime:0.015149s ]
INFO: [ view_parse ] --END-- [ RunTime:0.015225s ]
INFO: [ view_filter ] --START--
INFO: Run Behavior\WriteHtmlCacheBehavior [ RunTime:0.000515s ]
INFO: [ view_filter ] --END-- [ RunTime:0.000585s ]
INFO: [ app_end ] --START--
INFO: Run Behavior\ShowPageTraceBehavior [ RunTime:0.000700s ]
INFO: [ app_end ] --END-- [ RunTime:0.000770s ]

[ 2017-11-28T16:42:12+08:00 ] ::1 /index.php/Index?z=-2&type=4
INFO: [ app_init ] --START--
INFO: Run Behavior\BuildLiteBehavior [ RunTime:0.000022s ]
INFO: [ app_init ] --END-- [ RunTime:0.000490s ]
INFO: [ app_begin ] --START--
INFO: Run Behavior\ReadHtmlCacheBehavior [ RunTime:0.000700s ]
INFO: [ app_begin ] --END-- [ RunTime:0.000781s ]
SQL: SHOW COLUMNS FROM `zhaogong` [ RunTime:0.0013s ]
NOTIC: [8] Use of undefined constant z - assumed 'z' C:\wamp64\www\db\jzw\Home\Controller\IndexController.class.php 第 26 行.
SQL: SELECT COUNT(*) AS tp_count FROM `zhaogong` WHERE `type` = 4 AND `status` = 0 LIMIT 1   [ RunTime:0.0003s ]
SQL: SELECT * FROM `zhaogong` WHERE `type` = 4 AND `status` = 0 ORDER BY createtime desc LIMIT 0,21   [ RunTime:0.0003s ]
SQL: SHOW COLUMNS FROM `jiazhenggongsi` [ RunTime:0.0010s ]
SQL: SELECT * FROM `jiazhenggongsi`  [ RunTime:0.0002s ]
INFO: [ view_parse ] --START--
INFO: [ template_filter ] --START--
INFO: Run Behavior\ContentReplaceBehavior [ RunTime:0.000068s ]
INFO: [ template_filter ] --END-- [ RunTime:0.000154s ]
NOTIC: [8] Undefined variable: position C:\wamp64\www\db\jzw\Runtime\Cache\Home\64f21543acd4a4c3a729944672a22ccf.php 第 60 行.
INFO: Run Behavior\ParseTemplateBehavior [ RunTime:0.015959s ]
INFO: [ view_parse ] --END-- [ RunTime:0.016043s ]
INFO: [ view_filter ] --START--
INFO: Run Behavior\WriteHtmlCacheBehavior [ RunTime:0.000614s ]
INFO: [ view_filter ] --END-- [ RunTime:0.000693s ]
INFO: [ app_end ] --START--
INFO: Run Behavior\ShowPageTraceBehavior [ RunTime:0.000728s ]
INFO: [ app_end ] --END-- [ RunTime:0.000805s ]

[ 2017-11-28T16:42:12+08:00 ] ::1 /index.php/Index?z=-2&type=5
INFO: [ app_init ] --START--
INFO: Run Behavior\BuildLiteBehavior [ RunTime:0.000019s ]
INFO: [ app_init ] --END-- [ RunTime:0.000453s ]
INFO: [ app_begin ] --START--
INFO: Run Behavior\ReadHtmlCacheBehavior [ RunTime:0.000690s ]
INFO: [ app_begin ] --END-- [ RunTime:0.000771s ]
SQL: SHOW COLUMNS FROM `zhaogong` [ RunTime:0.0013s ]
NOTIC: [8] Use of undefined constant z - assumed 'z' C:\wamp64\www\db\jzw\Home\Controller\IndexController.class.php 第 26 行.
SQL: SELECT COUNT(*) AS tp_count FROM `zhaogong` WHERE `type` = 5 AND `status` = 0 LIMIT 1   [ RunTime:0.0002s ]
SQL: SELECT * FROM `zhaogong` WHERE `type` = 5 AND `status` = 0 ORDER BY createtime desc LIMIT 0,21   [ RunTime:0.0003s ]
SQL: SHOW COLUMNS FROM `jiazhenggongsi` [ RunTime:0.0009s ]
SQL: SELECT * FROM `jiazhenggongsi`  [ RunTime:0.0002s ]
INFO: [ view_parse ] --START--
INFO: [ template_filter ] --START--
INFO: Run Behavior\ContentReplaceBehavior [ RunTime:0.000068s ]
INFO: [ template_filter ] --END-- [ RunTime:0.000155s ]
NOTIC: [8] Undefined variable: position C:\wamp64\www\db\jzw\Runtime\Cache\Home\64f21543acd4a4c3a729944672a22ccf.php 第 60 行.
INFO: Run Behavior\ParseTemplateBehavior [ RunTime:0.015186s ]
INFO: [ view_parse ] --END-- [ RunTime:0.015262s ]
INFO: [ view_filter ] --START--
INFO: Run Behavior\WriteHtmlCacheBehavior [ RunTime:0.000510s ]
INFO: [ view_filter ] --END-- [ RunTime:0.000578s ]
INFO: [ app_end ] --START--
INFO: Run Behavior\ShowPageTraceBehavior [ RunTime:0.000693s ]
INFO: [ app_end ] --END-- [ RunTime:0.000766s ]

[ 2017-11-28T16:42:13+08:00 ] ::1 /index.php/Index?z=-2&type=2
INFO: [ app_init ] --START--
INFO: Run Behavior\BuildLiteBehavior [ RunTime:0.000020s ]
INFO: [ app_init ] --END-- [ RunTime:0.000463s ]
INFO: [ app_begin ] --START--
INFO: Run Behavior\ReadHtmlCacheBehavior [ RunTime:0.000691s ]
INFO: [ app_begin ] --END-- [ RunTime:0.000772s ]
SQL: SHOW COLUMNS FROM `zhaogong` [ RunTime:0.0013s ]
NOTIC: [8] Use of undefined constant z - assumed 'z' C:\wamp64\www\db\jzw\Home\Controller\IndexController.class.php 第 26 行.
SQL: SELECT COUNT(*) AS tp_count FROM `zhaogong` WHERE `type` = 2 AND `status` = 0 LIMIT 1   [ RunTime:0.0003s ]
SQL: SELECT * FROM `zhaogong` WHERE `type` = 2 AND `status` = 0 ORDER BY createtime desc LIMIT 0,21   [ RunTime:0.0003s ]
SQL: SHOW COLUMNS FROM `jiazhenggongsi` [ RunTime:0.0012s ]
SQL: SELECT * FROM `jiazhenggongsi`  [ RunTime:0.0002s ]
INFO: [ view_parse ] --START--
INFO: [ template_filter ] --START--
INFO: Run Behavior\ContentReplaceBehavior [ RunTime:0.000062s ]
INFO: [ template_filter ] --END-- [ RunTime:0.000136s ]
NOTIC: [8] Undefined variable: position C:\wamp64\www\db\jzw\Runtime\Cache\Home\64f21543acd4a4c3a729944672a22ccf.php 第 60 行.
INFO: Run Behavior\ParseTemplateBehavior [ RunTime:0.015367s ]
INFO: [ view_parse ] --END-- [ RunTime:0.015445s ]
INFO: [ view_filter ] --START--
INFO: Run Behavior\WriteHtmlCacheBehavior [ RunTime:0.000514s ]
INFO: [ view_filter ] --END-- [ RunTime:0.000584s ]
INFO: [ app_end ] --START--
INFO: Run Behavior\ShowPageTraceBehavior [ RunTime:0.000710s ]
INFO: [ app_end ] --END-- [ RunTime:0.000783s ]

[ 2017-11-28T16:42:15+08:00 ] ::1 /index.php/Index?z=-2&type=0
INFO: [ app_init ] --START--
INFO: Run Behavior\BuildLiteBehavior [ RunTime:0.000018s ]
INFO: [ app_init ] --END-- [ RunTime:0.000455s ]
INFO: [ app_begin ] --START--
INFO: Run Behavior\ReadHtmlCacheBehavior [ RunTime:0.000694s ]
INFO: [ app_begin ] --END-- [ RunTime:0.000783s ]
SQL: SHOW COLUMNS FROM `zhaogong` [ RunTime:0.0013s ]
NOTIC: [8] Use of undefined constant z - assumed 'z' C:\wamp64\www\db\jzw\Home\Controller\IndexController.class.php 第 26 行.
SQL: SELECT COUNT(*) AS tp_count FROM `zhaogong` WHERE `type` = 0 AND `status` = 0 LIMIT 1   [ RunTime:0.0002s ]
SQL: SELECT * FROM `zhaogong` WHERE `type` = 0 AND `status` = 0 ORDER BY createtime desc LIMIT 0,21   [ RunTime:0.0003s ]
SQL: SHOW COLUMNS FROM `jiazhenggongsi` [ RunTime:0.0010s ]
SQL: SELECT * FROM `jiazhenggongsi`  [ RunTime:0.0002s ]
INFO: [ view_parse ] --START--
INFO: [ template_filter ] --START--
INFO: Run Behavior\ContentReplaceBehavior [ RunTime:0.000069s ]
INFO: [ template_filter ] --END-- [ RunTime:0.000156s ]
NOTIC: [8] Undefined variable: position C:\wamp64\www\db\jzw\Runtime\Cache\Home\64f21543acd4a4c3a729944672a22ccf.php 第 60 行.
INFO: Run Behavior\ParseTemplateBehavior [ RunTime:0.015508s ]
INFO: [ view_parse ] --END-- [ RunTime:0.015584s ]
INFO: [ view_filter ] --START--
INFO: Run Behavior\WriteHtmlCacheBehavior [ RunTime:0.000530s ]
INFO: [ view_filter ] --END-- [ RunTime:0.000601s ]
INFO: [ app_end ] --START--
INFO: Run Behavior\ShowPageTraceBehavior [ RunTime:0.000722s ]
INFO: [ app_end ] --END-- [ RunTime:0.000799s ]

[ 2017-11-28T16:42:24+08:00 ] ::1 /index.php/admin
INFO: [ app_init ] --START--
INFO: Run Behavior\BuildLiteBehavior [ RunTime:0.000018s ]
INFO: [ app_init ] --END-- [ RunTime:0.000441s ]
INFO: [ app_begin ] --START--
INFO: Run Behavior\ReadHtmlCacheBehavior [ RunTime:0.000631s ]
INFO: [ app_begin ] --END-- [ RunTime:0.000702s ]

[ 2017-11-28T16:42:24+08:00 ] ::1 /index.php/Admin/loginpage.html
INFO: [ app_init ] --START--
INFO: Run Behavior\BuildLiteBehavior [ RunTime:0.000018s ]
INFO: [ app_init ] --END-- [ RunTime:0.000465s ]
INFO: [ app_begin ] --START--
INFO: Run Behavior\ReadHtmlCacheBehavior [ RunTime:0.000675s ]
INFO: [ app_begin ] --END-- [ RunTime:0.000755s ]
INFO: [ view_parse ] --START--
INFO: [ template_filter ] --START--
INFO: Run Behavior\ContentReplaceBehavior [ RunTime:0.000045s ]
INFO: [ template_filter ] --END-- [ RunTime:0.000122s ]
INFO: Run Behavior\ParseTemplateBehavior [ RunTime:0.006274s ]
INFO: [ view_parse ] --END-- [ RunTime:0.006358s ]
INFO: [ view_filter ] --START--
INFO: Run Behavior\WriteHtmlCacheBehavior [ RunTime:0.000510s ]
INFO: [ view_filter ] --END-- [ RunTime:0.000580s ]
INFO: [ app_end ] --START--
INFO: Run Behavior\ShowPageTraceBehavior [ RunTime:0.000727s ]
INFO: [ app_end ] --END-- [ RunTime:0.000797s ]

[ 2017-11-28T16:42:30+08:00 ] ::1 /index.php/Admin/login
INFO: [ app_init ] --START--
INFO: Run Behavior\BuildLiteBehavior [ RunTime:0.000037s ]
INFO: [ app_init ] --END-- [ RunTime:0.000985s ]
INFO: [ app_begin ] --START--
INFO: Run Behavior\ReadHtmlCacheBehavior [ RunTime:0.001511s ]
INFO: [ app_begin ] --END-- [ RunTime:0.001654s ]
SQL: SHOW COLUMNS FROM `jzadmin` [ RunTime:0.0018s ]
SQL: SELECT * FROM `jzadmin` WHERE `id` = 'admin' AND `password` = '21232f297a57a5a743894a0e4a801fc3'  [ RunTime:0.0003s ]
INFO: [ app_end ] --START--
INFO: Run Behavior\ShowPageTraceBehavior [ RunTime:0.001081s ]
INFO: [ app_end ] --END-- [ RunTime:0.001159s ]

[ 2017-11-28T16:42:31+08:00 ] ::1 /index.php/Admin/loginpage.html
INFO: [ app_init ] --START--
INFO: Run Behavior\BuildLiteBehavior [ RunTime:0.000020s ]
INFO: [ app_init ] --END-- [ RunTime:0.000469s ]
INFO: [ app_begin ] --START--
INFO: Run Behavior\ReadHtmlCacheBehavior [ RunTime:0.000673s ]
INFO: [ app_begin ] --END-- [ RunTime:0.000752s ]
INFO: [ view_parse ] --START--
INFO: [ template_filter ] --START--
INFO: Run Behavior\ContentReplaceBehavior [ RunTime:0.000050s ]
INFO: [ template_filter ] --END-- [ RunTime:0.000136s ]
INFO: Run Behavior\ParseTemplateBehavior [ RunTime:0.008305s ]
INFO: [ view_parse ] --END-- [ RunTime:0.008394s ]
INFO: [ view_filter ] --START--
INFO: Run Behavior\WriteHtmlCacheBehavior [ RunTime:0.000739s ]
INFO: [ view_filter ] --END-- [ RunTime:0.000811s ]
INFO: [ app_end ] --START--
INFO: Run Behavior\ShowPageTraceBehavior [ RunTime:0.000715s ]
INFO: [ app_end ] --END-- [ RunTime:0.000787s ]

[ 2017-11-28T16:43:19+08:00 ] ::1 /
INFO: [ app_init ] --START--
INFO: Run Behavior\BuildLiteBehavior [ RunTime:0.000018s ]
INFO: [ app_init ] --END-- [ RunTime:0.000440s ]
INFO: [ app_begin ] --START--
INFO: Run Behavior\ReadHtmlCacheBehavior [ RunTime:0.000631s ]
INFO: [ app_begin ] --END-- [ RunTime:0.000706s ]
SQL: SHOW COLUMNS FROM `zhaogong` [ RunTime:0.0012s ]
NOTIC: [8] Use of undefined constant z - assumed 'z' C:\wamp64\www\db\jzw\Home\Controller\IndexController.class.php 第 26 行.
SQL: SELECT COUNT(*) AS tp_count FROM `zhaogong` WHERE `type` = 0 AND `status` = 0 LIMIT 1   [ RunTime:0.0002s ]
SQL: SELECT * FROM `zhaogong` WHERE `type` = 0 AND `status` = 0 ORDER BY createtime desc LIMIT 0,21   [ RunTime:0.0003s ]
SQL: SHOW COLUMNS FROM `jiazhenggongsi` [ RunTime:0.0010s ]
SQL: SELECT * FROM `jiazhenggongsi`  [ RunTime:0.0002s ]
INFO: [ view_parse ] --START--
INFO: [ template_filter ] --START--
INFO: Run Behavior\ContentReplaceBehavior [ RunTime:0.000069s ]
INFO: [ template_filter ] --END-- [ RunTime:0.000159s ]
NOTIC: [8] Undefined variable: position C:\wamp64\www\db\jzw\Runtime\Cache\Home\64f21543acd4a4c3a729944672a22ccf.php 第 60 行.
INFO: Run Behavior\ParseTemplateBehavior [ RunTime:0.017269s ]
INFO: [ view_parse ] --END-- [ RunTime:0.017348s ]
INFO: [ view_filter ] --START--
INFO: Run Behavior\WriteHtmlCacheBehavior [ RunTime:0.000506s ]
INFO: [ view_filter ] --END-- [ RunTime:0.000578s ]
INFO: [ app_end ] --START--
INFO: Run Behavior\ShowPageTraceBehavior [ RunTime:0.000704s ]
INFO: [ app_end ] --END-- [ RunTime:0.000776s ]

[ 2017-11-28T16:43:23+08:00 ] ::1 /admin
INFO: [ app_init ] --START--
INFO: Run Behavior\BuildLiteBehavior [ RunTime:0.000020s ]
INFO: [ app_init ] --END-- [ RunTime:0.000448s ]
INFO: [ app_begin ] --START--
INFO: Run Behavior\ReadHtmlCacheBehavior [ RunTime:0.000667s ]
INFO: [ app_begin ] --END-- [ RunTime:0.000744s ]

[ 2017-11-28T16:43:24+08:00 ] ::1 /index.php/Admin/loginpage.html
INFO: [ app_init ] --START--
INFO: Run Behavior\BuildLiteBehavior [ RunTime:0.000019s ]
INFO: [ app_init ] --END-- [ RunTime:0.000451s ]
INFO: [ app_begin ] --START--
INFO: Run Behavior\ReadHtmlCacheBehavior [ RunTime:0.000711s ]
INFO: [ app_begin ] --END-- [ RunTime:0.000787s ]
INFO: [ view_parse ] --START--
INFO: [ template_filter ] --START--
INFO: Run Behavior\ContentReplaceBehavior [ RunTime:0.000049s ]
INFO: [ template_filter ] --END-- [ RunTime:0.000128s ]
INFO: Run Behavior\ParseTemplateBehavior [ RunTime:0.005265s ]
INFO: [ view_parse ] --END-- [ RunTime:0.005342s ]
INFO: [ view_filter ] --START--
INFO: Run Behavior\WriteHtmlCacheBehavior [ RunTime:0.000506s ]
INFO: [ view_filter ] --END-- [ RunTime:0.000575s ]
INFO: [ app_end ] --START--
INFO: Run Behavior\ShowPageTraceBehavior [ RunTime:0.000697s ]
INFO: [ app_end ] --END-- [ RunTime:0.000767s ]

[ 2017-11-28T16:43:39+08:00 ] ::1 /index.php/Admin/login
INFO: [ app_init ] --START--
INFO: Run Behavior\BuildLiteBehavior [ RunTime:0.000027s ]
INFO: [ app_init ] --END-- [ RunTime:0.001061s ]
INFO: [ app_begin ] --START--
INFO: Run Behavior\ReadHtmlCacheBehavior [ RunTime:0.003285s ]
INFO: [ app_begin ] --END-- [ RunTime:0.003366s ]
SQL: SHOW COLUMNS FROM `jzadmin` [ RunTime:0.0011s ]
SQL: SELECT * FROM `jzadmin` WHERE `id` = 'admin' AND `password` = '4297f44b13955235245b2497399d7a93'  [ RunTime:0.0002s ]
INFO: [ app_end ] --START--
INFO: Run Behavior\ShowPageTraceBehavior [ RunTime:0.003623s ]
INFO: [ app_end ] --END-- [ RunTime:0.003702s ]

[ 2017-11-28T16:43:40+08:00 ] ::1 /index.php/Admin/loginpage.html
INFO: [ app_init ] --START--
INFO: Run Behavior\BuildLiteBehavior [ RunTime:0.000020s ]
INFO: [ app_init ] --END-- [ RunTime:0.001132s ]
INFO: [ app_begin ] --START--
INFO: Run Behavior\ReadHtmlCacheBehavior [ RunTime:0.003316s ]
INFO: [ app_begin ] --END-- [ RunTime:0.003400s ]
INFO: [ view_parse ] --START--
INFO: [ template_filter ] --START--
INFO: Run Behavior\ContentReplaceBehavior [ RunTime:0.000050s ]
INFO: [ template_filter ] --END-- [ RunTime:0.000143s ]
INFO: Run Behavior\ParseTemplateBehavior [ RunTime:0.015969s ]
INFO: [ view_parse ] --END-- [ RunTime:0.016066s ]
INFO: [ view_filter ] --START--
INFO: Run Behavior\WriteHtmlCacheBehavior [ RunTime:0.003426s ]
INFO: [ view_filter ] --END-- [ RunTime:0.003510s ]
INFO: [ app_end ] --START--
INFO: Run Behavior\ShowPageTraceBehavior [ RunTime:0.003418s ]
INFO: [ app_end ] --END-- [ RunTime:0.003494s ]

